<?xml version="1.0" encoding="UTF-8"?>
<coverage generated="1635329549699" clover="3.2.0">
  <project timestamp="1635329549699" name="All files">
    <metrics statements="16" coveredstatements="14" conditionals="0" coveredconditionals="0" methods="8" coveredmethods="6" elements="24" coveredelements="20" complexity="0" loc="16" ncloc="16" packages="1" files="3" classes="3"/>
    <file name="CitySearch.js" path="C:\Users\Zlatan\OneDrive\Documents\GitHub\meet\src\CitySearch.js">
      <metrics statements="11" coveredstatements="9" conditionals="0" coveredconditionals="0" methods="6" coveredmethods="4"/>
      <line num="4" count="3" type="stmt"/>
      <line num="10" count="3" type="stmt"/>
      <line num="11" count="1" type="stmt"/>
      <line num="12" count="1" type="stmt"/>
      <line num="13" count="2" type="stmt"/>
      <line num="15" count="1" type="stmt"/>
      <line num="21" count="3" type="stmt"/>
      <line num="22" count="0" type="stmt"/>
      <line num="28" count="6" type="stmt"/>
      <line num="38" count="3" type="stmt"/>
      <line num="40" count="0" type="stmt"/>
    </file>
    <file name="api.js" path="C:\Users\Zlatan\OneDrive\Documents\GitHub\meet\src\api.js">
      <metrics statements="4" coveredstatements="4" conditionals="0" coveredconditionals="0" methods="2" coveredmethods="2"/>
      <line num="9" count="1" type="stmt"/>
      <line num="10" count="14" type="stmt"/>
      <line num="11" count="2" type="stmt"/>
      <line num="12" count="2" type="stmt"/>
    </file>
    <file name="mock-data.js" path="C:\Users\Zlatan\OneDrive\Documents\GitHub\meet\src\mock-data.js">
      <metrics statements="1" coveredstatements="1" conditionals="0" coveredconditionals="0" methods="0" coveredmethods="0"/>
      <line num="1" count="1" type="stmt"/>
    </file>
  </project>
</coverage>
