{"C:\\Users\\Zlatan\\OneDrive\\Documents\\GitHub\\meet\\src\\CitySearch.js": {"path":"C:\\Users\\Zlatan\\OneDrive\\Documents\\GitHub\\meet\\src\\CitySearch.js","statementMap":{"0":{"start":{"line":4,"column":10},"end":{"line":8,"column":3}},"1":{"start":{"line":10,"column":23},"end":{"line":19,"column":3}},"2":{"start":{"line":11,"column":18},"end":{"line":11,"column":36}},"3":{"start":{"line":12,"column":24},"end":{"line":14,"column":6}},"4":{"start":{"line":13,"column":6},"end":{"line":13,"column":70}},"5":{"start":{"line":15,"column":4},"end":{"line":18,"column":7}},"6":{"start":{"line":21,"column":22},"end":{"line":25,"column":3}},"7":{"start":{"line":22,"column":4},"end":{"line":24,"column":7}},"8":{"start":{"line":28,"column":4},"end":{"line":48,"column":6}},"9":{"start":{"line":38,"column":4},"end":{"line":41,"column":22}},"10":{"start":{"line":40,"column":21},"end":{"line":40,"column":55}}},"fnMap":{"0":{"name":"(anonymous_0)","decl":{"start":{"line":10,"column":23},"end":{"line":10,"column":24}},"loc":{"start":{"line":10,"column":34},"end":{"line":19,"column":3}},"line":10},"1":{"name":"(anonymous_1)","decl":{"start":{"line":12,"column":52},"end":{"line":12,"column":53}},"loc":{"start":{"line":12,"column":66},"end":{"line":14,"column":5}},"line":12},"2":{"name":"(anonymous_2)","decl":{"start":{"line":21,"column":22},"end":{"line":21,"column":23}},"loc":{"start":{"line":21,"column":38},"end":{"line":25,"column":3}},"line":21},"3":{"name":"(anonymous_3)","decl":{"start":{"line":27,"column":2},"end":{"line":27,"column":3}},"loc":{"start":{"line":27,"column":11},"end":{"line":49,"column":3}},"line":27},"4":{"name":"(anonymous_4)","decl":{"start":{"line":37,"column":30},"end":{"line":37,"column":31}},"loc":{"start":{"line":38,"column":4},"end":{"line":41,"column":22}},"line":38},"5":{"name":"(anonymous_5)","decl":{"start":{"line":40,"column":15},"end":{"line":40,"column":16}},"loc":{"start":{"line":40,"column":21},"end":{"line":40,"column":55}},"line":40}},"branchMap":{},"s":{"0":4,"1":4,"2":2,"3":2,"4":2,"5":1,"6":4,"7":0,"8":9,"9":3,"10":0},"f":{"0":2,"1":2,"2":0,"3":9,"4":3,"5":0},"b":{},"_coverageSchema":"1a1c01bbd47fc00a2c39e90264f33305004495a9","hash":"6221232e248bab9ce84258d6b5b58bbdcdcd0921"}
,"C:\\Users\\Zlatan\\OneDrive\\Documents\\GitHub\\meet\\src\\api.js": {"path":"C:\\Users\\Zlatan\\OneDrive\\Documents\\GitHub\\meet\\src\\api.js","statementMap":{"0":{"start":{"line":9,"column":33},"end":{"line":13,"column":1}},"1":{"start":{"line":10,"column":25},"end":{"line":10,"column":62}},"2":{"start":{"line":10,"column":47},"end":{"line":10,"column":61}},"3":{"start":{"line":11,"column":18},"end":{"line":11,"column":48}},"4":{"start":{"line":12,"column":2},"end":{"line":12,"column":19}}},"fnMap":{"0":{"name":"(anonymous_0)","decl":{"start":{"line":9,"column":33},"end":{"line":9,"column":34}},"loc":{"start":{"line":9,"column":45},"end":{"line":13,"column":1}},"line":9},"1":{"name":"(anonymous_1)","decl":{"start":{"line":10,"column":36},"end":{"line":10,"column":37}},"loc":{"start":{"line":10,"column":47},"end":{"line":10,"column":61}},"line":10}},"branchMap":{},"s":{"0":1,"1":2,"2":14,"3":2,"4":2},"f":{"0":2,"1":14},"b":{},"_coverageSchema":"1a1c01bbd47fc00a2c39e90264f33305004495a9","hash":"c6504ea14b0a3d84f4cd7ddcb0ba25d9b5c47db4"}
,"C:\\Users\\Zlatan\\OneDrive\\Documents\\GitHub\\meet\\src\\mock-data.js": {"path":"C:\\Users\\Zlatan\\OneDrive\\Documents\\GitHub\\meet\\src\\mock-data.js","statementMap":{"0":{"start":{"line":1,"column":17},"end":{"line":275,"column":1}}},"fnMap":{},"branchMap":{},"s":{"0":3},"f":{},"b":{},"_coverageSchema":"1a1c01bbd47fc00a2c39e90264f33305004495a9","hash":"6a0e3c20e52b5bb4ea3e4f916862097ab9418ba2"}
}
