{"C:\\Users\\Zlatan\\OneDrive\\Documents\\GitHub\\meet\\src\\App.js": {"path":"C:\\Users\\Zlatan\\OneDrive\\Documents\\GitHub\\meet\\src\\App.js","statementMap":{"0":{"start":{"line":9,"column":10},"end":{"line":12,"column":3}},"1":{"start":{"line":14,"column":17},"end":{"line":23,"column":3}},"2":{"start":{"line":15,"column":4},"end":{"line":22,"column":7}},"3":{"start":{"line":16,"column":29},"end":{"line":18,"column":61}},"4":{"start":{"line":18,"column":33},"end":{"line":18,"column":60}},"5":{"start":{"line":19,"column":6},"end":{"line":21,"column":9}},"6":{"start":{"line":26,"column":4},"end":{"line":26,"column":24}},"7":{"start":{"line":27,"column":4},"end":{"line":31,"column":7}},"8":{"start":{"line":28,"column":6},"end":{"line":30,"column":7}},"9":{"start":{"line":29,"column":8},"end":{"line":29,"column":71}},"10":{"start":{"line":35,"column":4},"end":{"line":35,"column":25}},"11":{"start":{"line":39,"column":4},"end":{"line":44,"column":6}}},"fnMap":{"0":{"name":"(anonymous_0)","decl":{"start":{"line":14,"column":17},"end":{"line":14,"column":18}},"loc":{"start":{"line":14,"column":31},"end":{"line":23,"column":3}},"line":14},"1":{"name":"(anonymous_1)","decl":{"start":{"line":15,"column":21},"end":{"line":15,"column":22}},"loc":{"start":{"line":15,"column":33},"end":{"line":22,"column":5}},"line":15},"2":{"name":"(anonymous_2)","decl":{"start":{"line":18,"column":22},"end":{"line":18,"column":23}},"loc":{"start":{"line":18,"column":33},"end":{"line":18,"column":60}},"line":18},"3":{"name":"(anonymous_3)","decl":{"start":{"line":25,"column":2},"end":{"line":25,"column":3}},"loc":{"start":{"line":25,"column":22},"end":{"line":32,"column":3}},"line":25},"4":{"name":"(anonymous_4)","decl":{"start":{"line":27,"column":21},"end":{"line":27,"column":22}},"loc":{"start":{"line":27,"column":33},"end":{"line":31,"column":5}},"line":27},"5":{"name":"(anonymous_5)","decl":{"start":{"line":34,"column":2},"end":{"line":34,"column":3}},"loc":{"start":{"line":34,"column":24},"end":{"line":36,"column":3}},"line":34},"6":{"name":"(anonymous_6)","decl":{"start":{"line":38,"column":2},"end":{"line":38,"column":3}},"loc":{"start":{"line":38,"column":11},"end":{"line":45,"column":3}},"line":38}},"branchMap":{"0":{"loc":{"start":{"line":16,"column":29},"end":{"line":18,"column":61}},"type":"cond-expr","locations":[{"start":{"line":17,"column":8},"end":{"line":17,"column":14}},{"start":{"line":18,"column":8},"end":{"line":18,"column":61}}],"line":16},"1":{"loc":{"start":{"line":28,"column":6},"end":{"line":30,"column":7}},"type":"if","locations":[{"start":{"line":28,"column":6},"end":{"line":30,"column":7}},{"start":{"line":28,"column":6},"end":{"line":30,"column":7}}],"line":28}},"s":{"0":0,"1":0,"2":0,"3":0,"4":0,"5":0,"6":0,"7":0,"8":0,"9":0,"10":0,"11":0},"f":{"0":0,"1":0,"2":0,"3":0,"4":0,"5":0,"6":0},"b":{"0":[0,0],"1":[0,0]}}
,"C:\\Users\\Zlatan\\OneDrive\\Documents\\GitHub\\meet\\src\\CitySearch.js": {"path":"C:\\Users\\Zlatan\\OneDrive\\Documents\\GitHub\\meet\\src\\CitySearch.js","statementMap":{"0":{"start":{"line":4,"column":10},"end":{"line":8,"column":3}},"1":{"start":{"line":10,"column":23},"end":{"line":19,"column":3}},"2":{"start":{"line":11,"column":18},"end":{"line":11,"column":36}},"3":{"start":{"line":12,"column":24},"end":{"line":14,"column":6}},"4":{"start":{"line":13,"column":6},"end":{"line":13,"column":70}},"5":{"start":{"line":15,"column":4},"end":{"line":18,"column":7}},"6":{"start":{"line":21,"column":22},"end":{"line":27,"column":3}},"7":{"start":{"line":22,"column":4},"end":{"line":24,"column":7}},"8":{"start":{"line":26,"column":4},"end":{"line":26,"column":40}},"9":{"start":{"line":30,"column":4},"end":{"line":51,"column":6}},"10":{"start":{"line":37,"column":19},"end":{"line":37,"column":59}},"11":{"start":{"line":41,"column":4},"end":{"line":44,"column":22}},"12":{"start":{"line":43,"column":21},"end":{"line":43,"column":55}},"13":{"start":{"line":46,"column":21},"end":{"line":46,"column":50}}},"fnMap":{"0":{"name":"(anonymous_0)","decl":{"start":{"line":10,"column":23},"end":{"line":10,"column":24}},"loc":{"start":{"line":10,"column":34},"end":{"line":19,"column":3}},"line":10},"1":{"name":"(anonymous_1)","decl":{"start":{"line":12,"column":52},"end":{"line":12,"column":53}},"loc":{"start":{"line":12,"column":66},"end":{"line":14,"column":5}},"line":12},"2":{"name":"(anonymous_2)","decl":{"start":{"line":21,"column":22},"end":{"line":21,"column":23}},"loc":{"start":{"line":21,"column":38},"end":{"line":27,"column":3}},"line":21},"3":{"name":"(anonymous_3)","decl":{"start":{"line":29,"column":2},"end":{"line":29,"column":3}},"loc":{"start":{"line":29,"column":11},"end":{"line":52,"column":3}},"line":29},"4":{"name":"(anonymous_4)","decl":{"start":{"line":37,"column":11},"end":{"line":37,"column":12}},"loc":{"start":{"line":37,"column":17},"end":{"line":37,"column":61}},"line":37},"5":{"name":"(anonymous_5)","decl":{"start":{"line":40,"column":30},"end":{"line":40,"column":31}},"loc":{"start":{"line":41,"column":4},"end":{"line":44,"column":22}},"line":41},"6":{"name":"(anonymous_6)","decl":{"start":{"line":43,"column":15},"end":{"line":43,"column":16}},"loc":{"start":{"line":43,"column":21},"end":{"line":43,"column":55}},"line":43},"7":{"name":"(anonymous_7)","decl":{"start":{"line":46,"column":15},"end":{"line":46,"column":16}},"loc":{"start":{"line":46,"column":21},"end":{"line":46,"column":50}},"line":46}},"branchMap":{},"s":{"0":0,"1":0,"2":0,"3":0,"4":0,"5":0,"6":0,"7":0,"8":0,"9":0,"10":0,"11":0,"12":0,"13":0},"f":{"0":0,"1":0,"2":0,"3":0,"4":0,"5":0,"6":0,"7":0},"b":{}}
,"C:\\Users\\Zlatan\\OneDrive\\Documents\\GitHub\\meet\\src\\EventList.js": {"path":"C:\\Users\\Zlatan\\OneDrive\\Documents\\GitHub\\meet\\src\\EventList.js","statementMap":{"0":{"start":{"line":6,"column":23},"end":{"line":6,"column":33}},"1":{"start":{"line":7,"column":4},"end":{"line":15,"column":6}},"2":{"start":{"line":10,"column":10},"end":{"line":12,"column":13}}},"fnMap":{"0":{"name":"(anonymous_0)","decl":{"start":{"line":5,"column":2},"end":{"line":5,"column":3}},"loc":{"start":{"line":5,"column":11},"end":{"line":16,"column":3}},"line":5},"1":{"name":"(anonymous_1)","decl":{"start":{"line":9,"column":20},"end":{"line":9,"column":21}},"loc":{"start":{"line":10,"column":10},"end":{"line":12,"column":13}},"line":10}},"branchMap":{},"s":{"0":0,"1":0,"2":0},"f":{"0":0,"1":0},"b":{}}
,"C:\\Users\\Zlatan\\OneDrive\\Documents\\GitHub\\meet\\src\\NumberOfEvents.js": {"path":"C:\\Users\\Zlatan\\OneDrive\\Documents\\GitHub\\meet\\src\\NumberOfEvents.js","statementMap":{"0":{"start":{"line":4,"column":10},"end":{"line":7,"column":3}},"1":{"start":{"line":10,"column":27},"end":{"line":10,"column":52}},"2":{"start":{"line":11,"column":4},"end":{"line":20,"column":6}}},"fnMap":{"0":{"name":"(anonymous_0)","decl":{"start":{"line":9,"column":2},"end":{"line":9,"column":3}},"loc":{"start":{"line":9,"column":11},"end":{"line":21,"column":3}},"line":9}},"branchMap":{},"s":{"0":0,"1":0,"2":0},"f":{"0":0},"b":{}}
,"C:\\Users\\Zlatan\\OneDrive\\Documents\\GitHub\\meet\\src\\mock-data.js": {"path":"C:\\Users\\Zlatan\\OneDrive\\Documents\\GitHub\\meet\\src\\mock-data.js","statementMap":{"0":{"start":{"line":1,"column":17},"end":{"line":275,"column":1}}},"fnMap":{},"branchMap":{},"s":{"0":0},"f":{},"b":{}}
}
