TN:
SF:src\App.js
FN:16,(anonymous_0)
FN:17,(anonymous_1)
FN:20,(anonymous_2)
FN:27,(anonymous_3)
FN:29,(anonymous_4)
FN:36,(anonymous_5)
FN:40,(anonymous_6)
FNF:7
FNH:7
FNDA:2,(anonymous_0)
FNDA:2,(anonymous_1)
FNDA:7,(anonymous_2)
FNDA:7,(anonymous_3)
FNDA:7,(anonymous_4)
FNDA:4,(anonymous_5)
FNDA:19,(anonymous_6)
DA:11,7
DA:16,7
DA:17,2
DA:18,2
DA:20,7
DA:21,2
DA:28,7
DA:29,7
DA:30,7
DA:31,5
DA:37,4
DA:41,19
LF:12
LH:12
BRDA:18,0,0,1
BRDA:18,0,1,1
BRDA:30,1,0,5
BRDA:30,1,1,2
BRF:4
BRH:4
end_of_record
TN:
SF:src\CitySearch.js
FN:10,(anonymous_0)
FN:12,(anonymous_1)
FN:21,(anonymous_2)
FN:30,(anonymous_3)
FN:38,(anonymous_4)
FN:41,(anonymous_5)
FN:44,(anonymous_6)
FN:47,(anonymous_7)
FNF:8
FNH:8
FNDA:2,(anonymous_0)
FNDA:2,(anonymous_1)
FNDA:4,(anonymous_2)
FNDA:34,(anonymous_3)
FNDA:1,(anonymous_4)
FNDA:13,(anonymous_5)
FNDA:1,(anonymous_6)
FNDA:2,(anonymous_7)
DA:4,10
DA:10,10
DA:11,2
DA:12,2
DA:13,2
DA:15,1
DA:21,10
DA:22,4
DA:27,4
DA:31,34
DA:38,1
DA:42,13
DA:44,1
DA:47,2
LF:14
LH:14
BRDA:40,0,0,2
BRDA:40,0,1,32
BRF:2
BRH:2
end_of_record
TN:
SF:src\Event.js
FN:9,(anonymous_0)
FN:10,(anonymous_1)
FN:13,(anonymous_2)
FN:26,(anonymous_3)
FN:31,(anonymous_4)
FNF:5
FNH:5
FNDA:3,(anonymous_0)
FNDA:3,(anonymous_1)
FNDA:67,(anonymous_2)
FNDA:2,(anonymous_3)
FNDA:1,(anonymous_4)
DA:5,36
DA:9,36
DA:10,3
DA:14,67
DA:16,67
DA:26,2
DA:31,1
LF:7
LH:7
BRDA:22,0,0,67
BRDA:22,0,1,3
BRDA:25,1,0,67
BRDA:25,1,1,64
BRDA:30,2,0,67
BRDA:30,2,1,3
BRF:6
BRH:6
end_of_record
TN:
SF:src\EventList.js
FN:5,(anonymous_0)
FN:9,(anonymous_1)
FNF:2
FNH:2
FNDA:20,(anonymous_0)
FNDA:66,(anonymous_1)
DA:6,20
DA:7,20
DA:10,66
LF:3
LH:3
BRF:0
BRH:0
end_of_record
TN:
SF:src\NumberOfEvents.js
FN:9,(anonymous_0)
FNF:1
FNH:1
FNDA:1,(anonymous_0)
DA:4,1
DA:10,1
DA:11,1
LF:3
LH:3
BRF:0
BRH:0
end_of_record
TN:
SF:src\api.js
FN:5,(anonymous_0)
FN:19,(anonymous_1)
FN:24,(anonymous_2)
FN:27,(anonymous_3)
FN:33,(anonymous_4)
FN:37,(anonymous_5)
FN:38,(anonymous_6)
FN:43,(anonymous_7)
FN:44,(anonymous_8)
FN:49,(anonymous_9)
FN:73,(anonymous_10)
FNF:11
FNH:3
FNDA:0,(anonymous_0)
FNDA:0,(anonymous_1)
FNDA:0,(anonymous_2)
FNDA:0,(anonymous_3)
FNDA:0,(anonymous_4)
FNDA:0,(anonymous_5)
FNDA:0,(anonymous_6)
FNDA:8,(anonymous_7)
FNDA:56,(anonymous_8)
FNDA:13,(anonymous_9)
FNDA:0,(anonymous_10)
DA:5,2
DA:6,0
DA:8,0
DA:12,0
DA:14,0
DA:15,0
DA:19,2
DA:20,0
DA:21,0
DA:25,0
DA:27,0
DA:29,0
DA:31,0
DA:33,2
DA:34,0
DA:37,0
DA:38,0
DA:40,0
DA:43,2
DA:44,56
DA:45,8
DA:46,8
DA:49,2
DA:50,13
DA:52,13
DA:53,13
DA:54,13
DA:58,0
DA:60,0
DA:61,0
DA:62,0
DA:63,0
DA:64,0
DA:65,0
DA:66,0
DA:67,0
DA:69,0
DA:70,0
DA:73,2
DA:74,0
DA:76,0
DA:78,0
DA:79,0
DA:80,0
DA:81,0
DA:82,0
DA:83,0
DA:86,0
DA:87,0
DA:89,0
DA:91,0
LF:51
LH:13
BRDA:6,0,0,0
BRDA:6,0,1,0
BRDA:6,1,0,0
BRDA:6,1,1,0
BRDA:29,2,0,0
BRDA:29,2,1,0
BRDA:52,3,0,13
BRDA:52,3,1,0
BRDA:60,4,0,0
BRDA:60,4,1,0
BRDA:64,5,0,0
BRDA:64,5,1,0
BRDA:76,6,0,0
BRDA:76,6,1,0
BRDA:78,7,0,0
BRDA:78,7,1,0
BRDA:78,8,0,0
BRDA:78,8,1,0
BRDA:82,9,0,0
BRDA:82,9,1,0
BRDA:89,10,0,0
BRDA:89,10,1,0
BRF:22
BRH:1
end_of_record
TN:
SF:src\index.js
FNF:0
FNH:0
DA:8,0
DA:18,0
DA:23,0
LF:3
LH:0
BRF:0
BRH:0
end_of_record
TN:
SF:src\mock-data.js
FNF:0
FNH:0
DA:1,4
LF:1
LH:1
BRF:0
BRH:0
end_of_record
TN:
SF:src\reportWebVitals.js
FN:1,(anonymous_0)
FN:3,(anonymous_1)
FNF:2
FNH:0
FNDA:0,(anonymous_0)
FNDA:0,(anonymous_1)
DA:1,0
DA:2,0
DA:3,0
DA:4,0
DA:5,0
DA:6,0
DA:7,0
DA:8,0
LF:8
LH:0
BRDA:2,0,0,0
BRDA:2,0,1,0
BRDA:2,1,0,0
BRDA:2,1,1,0
BRF:4
BRH:0
end_of_record
TN:
SF:src\service-worker.js
FN:30,(anonymous_0)
FN:53,(anonymous_1)
FN:66,(anonymous_2)
FNF:3
FNH:0
FNDA:0,(anonymous_0)
FNDA:0,(anonymous_1)
FNDA:0,(anonymous_2)
DA:16,0
DA:22,0
DA:27,0
DA:28,0
DA:32,0
DA:33,0
DA:36,0
DA:37,0
DA:40,0
DA:41,0
DA:44,0
DA:51,0
DA:53,0
DA:66,0
DA:67,0
DA:68,0
LF:16
LH:0
BRDA:32,0,0,0
BRDA:32,0,1,0
BRDA:36,1,0,0
BRDA:36,1,1,0
BRDA:40,2,0,0
BRDA:40,2,1,0
BRDA:53,3,0,0
BRDA:53,3,1,0
BRDA:67,4,0,0
BRDA:67,4,1,0
BRDA:67,5,0,0
BRDA:67,5,1,0
BRF:12
BRH:0
end_of_record
